<?xml version="1.0" encoding="UTF-8"?>
<!-- Generated by org.testng.reporters.JUnitXMLReporter -->
<testsuite hostname="Dev-Lappy" name="Test" tests="2" failures="1" timestamp="2 Mar 2019 10:50:20 GMT" time="64.417" errors="0">
  <testcase name="testA" time="4.494" classname="OrgTest.SelTestClass"/>
  <testcase name="testB" time="50.983" classname="OrgTest.SelTestClass">
    <failure type="java.lang.AssertionError" message="expected [true] but found [false]">
      <![CDATA[java.lang.AssertionError: expected [true] but found [false]
	at OrgTest.SelTestClass.testB(SelTestClass.java:89)
... Removed 28 stack frames]]>
    </failure>
  </testcase> <!-- testB -->
</testsuite> <!-- Test -->
