-------------------------------------------------------------------------------
Test set: TestSuite
-------------------------------------------------------------------------------
Tests run: 2, Failures: 1, Errors: 0, Skipped: 0, Time elapsed: 30.805 s <<< FAILURE! - in TestSuite
testB(OrgTest.SelTestClass)  Time elapsed: 16.619 s  <<< FAILURE!
java.lang.AssertionError: expected [true] but found [false]
	at OrgTest.SelTestClass.testB(SelTestClass.java:88)

