<?xml version="1.0" encoding="UTF-8"?>
<testng-results skipped="0" failed="0" total="1" passed="1">
  <reporter-output>
  </reporter-output>
  <suite name="Suite" duration-ms="27334" started-at="2019-03-02T01:41:20Z" finished-at="2019-03-02T01:41:47Z">
    <groups>
    </groups>
    <test name="Test" duration-ms="27334" started-at="2019-03-02T01:41:20Z" finished-at="2019-03-02T01:41:47Z">
      <class name="OrgTest.SelTestClass">
        <test-method status="PASS" signature="setUp()[pri:0, instance:OrgTest.SelTestClass@bc464]" name="setUp" is-config="true" duration-ms="19257" started-at="2019-03-02T07:11:20Z" finished-at="2019-03-02T07:11:39Z">
          <reporter-output>
          </reporter-output>
        </test-method> <!-- setUp -->
        <test-method status="PASS" signature="testA()[pri:0, instance:OrgTest.SelTestClass@bc464]" name="testA" duration-ms="6942" started-at="2019-03-02T07:11:39Z" finished-at="2019-03-02T07:11:46Z">
          <reporter-output>
          </reporter-output>
        </test-method> <!-- testA -->
        <test-method status="PASS" signature="testDown()[pri:0, instance:OrgTest.SelTestClass@bc464]" name="testDown" is-config="true" duration-ms="1079" started-at="2019-03-02T07:11:46Z" finished-at="2019-03-02T07:11:47Z">
          <reporter-output>
          </reporter-output>
        </test-method> <!-- testDown -->
      </class> <!-- OrgTest.SelTestClass -->
    </test> <!-- Test -->
  </suite> <!-- Suite -->
</testng-results>
