<?xml version="1.0" encoding="UTF-8"?>
<testng-results skipped="0" failed="0" total="1" passed="1">
  <reporter-output>
  </reporter-output>
  <suite name="Suite" duration-ms="12851" started-at="2019-03-02T01:14:56Z" finished-at="2019-03-02T01:15:09Z">
    <groups>
    </groups>
    <test name="Test" duration-ms="12851" started-at="2019-03-02T01:14:56Z" finished-at="2019-03-02T01:15:09Z">
      <class name="OrgTest.SelTestClass">
        <test-method status="PASS" signature="setUp()[pri:0, instance:OrgTest.SelTestClass@feb3fa]" name="setUp" is-config="true" duration-ms="7438" started-at="2019-03-02T06:44:56Z" finished-at="2019-03-02T06:45:04Z">
          <reporter-output>
          </reporter-output>
        </test-method> <!-- setUp -->
        <test-method status="PASS" signature="testA()[pri:0, instance:OrgTest.SelTestClass@feb3fa]" name="testA" duration-ms="4047" started-at="2019-03-02T06:45:04Z" finished-at="2019-03-02T06:45:08Z">
          <reporter-output>
          </reporter-output>
        </test-method> <!-- testA -->
        <test-method status="PASS" signature="testDown()[pri:0, instance:OrgTest.SelTestClass@feb3fa]" name="testDown" is-config="true" duration-ms="1333" started-at="2019-03-02T06:45:08Z" finished-at="2019-03-02T06:45:09Z">
          <reporter-output>
          </reporter-output>
        </test-method> <!-- testDown -->
      </class> <!-- OrgTest.SelTestClass -->
    </test> <!-- Test -->
  </suite> <!-- Suite -->
</testng-results>
